[debug] [2025-07-12T08:12:15.179Z] ----------------------------------------------------------------------
[debug] [2025-07-12T08:12:15.180Z] Command:       /Users/brian_chae/.nvm/versions/node/v20.19.0/bin/node /Users/brian_chae/.nvm/versions/node/v20.19.0/bin/firebase deploy
[debug] [2025-07-12T08:12:15.180Z] CLI Version:   14.10.1
[debug] [2025-07-12T08:12:15.180Z] Platform:      darwin
[debug] [2025-07-12T08:12:15.181Z] Node Version:  v20.19.0
[debug] [2025-07-12T08:12:15.181Z] Time:          Sat Jul 12 2025 17:12:15 GMT+0900 (대한민국 표준시)
[debug] [2025-07-12T08:12:15.181Z] ----------------------------------------------------------------------
[debug] 
[debug] [2025-07-12T08:12:15.261Z] > command requires scopes: ["email","openid","https://www.googleapis.com/auth/cloudplatformprojects.readonly","https://www.googleapis.com/auth/firebase","https://www.googleapis.com/auth/cloud-platform"]
[debug] [2025-07-12T08:12:15.261Z] > authorizing via signed-in user (brian.chae@looxidlabs.com)
[debug] [2025-07-12T08:12:15.261Z] [iam] checking project mind-breeze-ai-report-47942 for permissions ["firebase.projects.get","firebasehosting.sites.update",null]
[debug] [2025-07-12T08:12:15.261Z] Checked if tokens are valid: true, expires at: 1752310843370
[debug] [2025-07-12T08:12:15.261Z] Checked if tokens are valid: true, expires at: 1752310843370
[debug] [2025-07-12T08:12:15.262Z] >>> [apiv2][query] POST https://cloudresourcemanager.googleapis.com/v1/projects/mind-breeze-ai-report-47942:testIamPermissions [none]
[debug] [2025-07-12T08:12:15.262Z] >>> [apiv2][(partial)header] POST https://cloudresourcemanager.googleapis.com/v1/projects/mind-breeze-ai-report-47942:testIamPermissions x-goog-quota-user=projects/mind-breeze-ai-report-47942
[debug] [2025-07-12T08:12:15.262Z] >>> [apiv2][body] POST https://cloudresourcemanager.googleapis.com/v1/projects/mind-breeze-ai-report-47942:testIamPermissions {"permissions":["firebase.projects.get","firebasehosting.sites.update",null]}
[debug] [2025-07-12T08:12:15.525Z] <<< [apiv2][status] POST https://cloudresourcemanager.googleapis.com/v1/projects/mind-breeze-ai-report-47942:testIamPermissions 200
[debug] [2025-07-12T08:12:15.525Z] <<< [apiv2][body] POST https://cloudresourcemanager.googleapis.com/v1/projects/mind-breeze-ai-report-47942:testIamPermissions {"permissions":["firebase.projects.get","firebasehosting.sites.update"]}
[debug] [2025-07-12T08:12:15.525Z] [iam] error while checking permissions, command may fail: Authorization failed. This account is missing the following required permissions on project mind-breeze-ai-report-47942:

  
[debug] [2025-07-12T08:12:15.526Z] Checked if tokens are valid: true, expires at: 1752310843370
[debug] [2025-07-12T08:12:15.526Z] Checked if tokens are valid: true, expires at: 1752310843370
[debug] [2025-07-12T08:12:15.526Z] >>> [apiv2][query] GET https://firebase.googleapis.com/v1beta1/projects/mind-breeze-ai-report-47942 [none]
[debug] [2025-07-12T08:12:15.984Z] <<< [apiv2][status] GET https://firebase.googleapis.com/v1beta1/projects/mind-breeze-ai-report-47942 200
[debug] [2025-07-12T08:12:15.984Z] <<< [apiv2][body] GET https://firebase.googleapis.com/v1beta1/projects/mind-breeze-ai-report-47942 {"projectId":"mind-breeze-ai-report-47942","projectNumber":"359507939260","displayName":"mind-breeze-ai-report","name":"projects/mind-breeze-ai-report-47942","resources":{"hostingSite":"mind-breeze-ai-report-47942"},"state":"ACTIVE","etag":"1_e21ca401-91e5-41bd-93ce-322e5a4a09bc"}
[info] 
[info] === Deploying to 'mind-breeze-ai-report-47942'...
[info] 
[info] i  deploying hosting, apphosting 
[debug] [2025-07-12T08:12:15.987Z] Checked if tokens are valid: true, expires at: 1752310843370
[debug] [2025-07-12T08:12:15.987Z] Checked if tokens are valid: true, expires at: 1752310843370
[debug] [2025-07-12T08:12:15.987Z] >>> [apiv2][query] POST https://firebasehosting.googleapis.com/v1beta1/projects/-/sites/mind-breeze-ai-report-47942/versions [none]
[debug] [2025-07-12T08:12:15.987Z] >>> [apiv2][body] POST https://firebasehosting.googleapis.com/v1beta1/projects/-/sites/mind-breeze-ai-report-47942/versions {"status":"CREATED","labels":{"deployment-tool":"cli-firebase"}}
[debug] [2025-07-12T08:12:17.144Z] <<< [apiv2][status] POST https://firebasehosting.googleapis.com/v1beta1/projects/-/sites/mind-breeze-ai-report-47942/versions 200
[debug] [2025-07-12T08:12:17.144Z] <<< [apiv2][body] POST https://firebasehosting.googleapis.com/v1beta1/projects/-/sites/mind-breeze-ai-report-47942/versions {"name":"projects/359507939260/sites/mind-breeze-ai-report-47942/versions/13e842dfe54fd63c","status":"CREATED","config":{},"labels":{"deployment-tool":"cli-firebase"}}
[debug] [2025-07-12T08:12:17.145Z] Checked if tokens are valid: true, expires at: 1752310843370
[debug] [2025-07-12T08:12:17.145Z] Checked if tokens are valid: true, expires at: 1752310843370
[debug] [2025-07-12T08:12:17.145Z] >>> [apiv2][query] POST https://iam.googleapis.com/v1/projects/mind-breeze-ai-report-47942/serviceAccounts/firebase-app-hosting-compute@mind-breeze-ai-report-47942.iam.gserviceaccount.com:testIamPermissions [none]
[debug] [2025-07-12T08:12:17.145Z] >>> [apiv2][(partial)header] POST https://iam.googleapis.com/v1/projects/mind-breeze-ai-report-47942/serviceAccounts/firebase-app-hosting-compute@mind-breeze-ai-report-47942.iam.gserviceaccount.com:testIamPermissions x-goog-quota-user=projects/mind-breeze-ai-report-47942
[debug] [2025-07-12T08:12:17.145Z] >>> [apiv2][body] POST https://iam.googleapis.com/v1/projects/mind-breeze-ai-report-47942/serviceAccounts/firebase-app-hosting-compute@mind-breeze-ai-report-47942.iam.gserviceaccount.com:testIamPermissions {"permissions":["iam.serviceAccounts.actAs"]}
[debug] [2025-07-12T08:12:18.300Z] <<< [apiv2][status] POST https://iam.googleapis.com/v1/projects/mind-breeze-ai-report-47942/serviceAccounts/firebase-app-hosting-compute@mind-breeze-ai-report-47942.iam.gserviceaccount.com:testIamPermissions 200
[debug] [2025-07-12T08:12:18.300Z] <<< [apiv2][body] POST https://iam.googleapis.com/v1/projects/mind-breeze-ai-report-47942/serviceAccounts/firebase-app-hosting-compute@mind-breeze-ai-report-47942.iam.gserviceaccount.com:testIamPermissions {"permissions":["iam.serviceAccounts.actAs"]}
[debug] [2025-07-12T08:12:18.301Z] Checked if tokens are valid: true, expires at: 1752310843370
[debug] [2025-07-12T08:12:18.301Z] Checked if tokens are valid: true, expires at: 1752310843370
[debug] [2025-07-12T08:12:18.301Z] >>> [apiv2][query] POST https://iam.googleapis.com/v1/projects/mind-breeze-ai-report-47942/serviceAccounts [none]
[debug] [2025-07-12T08:12:18.301Z] >>> [apiv2][body] POST https://iam.googleapis.com/v1/projects/mind-breeze-ai-report-47942/serviceAccounts {"accountId":"firebase-app-hosting-compute","serviceAccount":{"displayName":"Firebase App Hosting compute service account","description":"Default service account used to run builds and deploys for Firebase App Hosting"}}
[debug] [2025-07-12T08:12:18.668Z] <<< [apiv2][status] POST https://iam.googleapis.com/v1/projects/mind-breeze-ai-report-47942/serviceAccounts 409
[debug] [2025-07-12T08:12:18.668Z] <<< [apiv2][body] POST https://iam.googleapis.com/v1/projects/mind-breeze-ai-report-47942/serviceAccounts [omitted]
[debug] [2025-07-12T08:12:18.668Z] Checked if tokens are valid: true, expires at: 1752310843370
[debug] [2025-07-12T08:12:18.668Z] Checked if tokens are valid: true, expires at: 1752310843370
[debug] [2025-07-12T08:12:18.669Z] >>> [apiv2][query] POST https://cloudresourcemanager.googleapis.com/v1/projects/mind-breeze-ai-report-47942:getIamPolicy [none]
[debug] [2025-07-12T08:12:18.931Z] <<< [apiv2][status] POST https://cloudresourcemanager.googleapis.com/v1/projects/mind-breeze-ai-report-47942:getIamPolicy 200
[debug] [2025-07-12T08:12:18.931Z] <<< [apiv2][body] POST https://cloudresourcemanager.googleapis.com/v1/projects/mind-breeze-ai-report-47942:getIamPolicy {"version":1,"etag":"BwY5ta1zz3M=","bindings":[{"role":"roles/artifactregistry.serviceAgent","members":["serviceAccount:service-359507939260@gcp-sa-artifactregistry.iam.gserviceaccount.com"]},{"role":"roles/cloudbuild.builds.builder","members":["serviceAccount:359507939260@cloudbuild.gserviceaccount.com"]},{"role":"roles/cloudbuild.serviceAgent","members":["serviceAccount:service-359507939260@gcp-sa-cloudbuild.iam.gserviceaccount.com"]},{"role":"roles/cloudfunctions.developer","members":["serviceAccount:github-action-1018290199@mind-breeze-ai-report-47942.iam.gserviceaccount.com"]},{"role":"roles/compute.serviceAgent","members":["serviceAccount:service-359507939260@compute-system.iam.gserviceaccount.com"]},{"role":"roles/containerregistry.ServiceAgent","members":["serviceAccount:service-359507939260@containerregistry.iam.gserviceaccount.com"]},{"role":"roles/developerconnect.readTokenAccessor","members":["serviceAccount:firebase-app-hosting-compute@mind-breeze-ai-report-47942.iam.gserviceaccount.com"]},{"role":"roles/editor","members":["serviceAccount:359507939260-compute@developer.gserviceaccount.com","serviceAccount:359507939260@cloudservices.gserviceaccount.com"]},{"role":"roles/firebase.managementServiceAgent","members":["serviceAccount:service-359507939260@gcp-sa-firebase.iam.gserviceaccount.com"]},{"role":"roles/firebase.sdkAdminServiceAgent","members":["serviceAccount:firebase-adminsdk-fbsvc@mind-breeze-ai-report-47942.iam.gserviceaccount.com","serviceAccount:firebase-app-hosting-compute@mind-breeze-ai-report-47942.iam.gserviceaccount.com"]},{"role":"roles/firebaseapphosting.computeRunner","members":["serviceAccount:firebase-app-hosting-compute@mind-breeze-ai-report-47942.iam.gserviceaccount.com"]},{"role":"roles/firebaseapphosting.serviceAgent","members":["serviceAccount:service-359507939260@gcp-sa-firebaseapphosting.iam.gserviceaccount.com"]},{"role":"roles/firebaseauth.admin","members":["serviceAccount:firebase-adminsdk-fbsvc@mind-breeze-ai-report-47942.iam.gserviceaccount.com","serviceAccount:github-action-1018290199@mind-breeze-ai-report-47942.iam.gserviceaccount.com"]},{"role":"roles/firebasehosting.admin","members":["serviceAccount:github-action-1018290199@mind-breeze-ai-report-47942.iam.gserviceaccount.com"]},{"role":"roles/firebaserules.system","members":["serviceAccount:service-359507939260@firebase-rules.iam.gserviceaccount.com"]},{"role":"roles/firebasestorage.serviceAgent","members":["serviceAccount:service-359507939260@gcp-sa-firebasestorage.iam.gserviceaccount.com"]},{"role":"roles/firestore.serviceAgent","members":["serviceAccount:service-359507939260@gcp-sa-firestore.iam.gserviceaccount.com"]},{"role":"roles/iam.serviceAccountTokenCreator","members":["serviceAccount:firebase-adminsdk-fbsvc@mind-breeze-ai-report-47942.iam.gserviceaccount.com"]},{"role":"roles/owner","members":["user:brian.chae@looxidlabs.com"]},{"role":"roles/run.serviceAgent","members":["serviceAccount:service-359507939260@serverless-robot-prod.iam.gserviceaccount.com"]},{"role":"roles/run.viewer","members":["serviceAccount:github-action-1018290199@mind-breeze-ai-report-47942.iam.gserviceaccount.com"]},{"role":"roles/serviceusage.apiKeysViewer","members":["serviceAccount:github-action-1018290199@mind-breeze-ai-report-47942.iam.gserviceaccount.com"]},{"role":"roles/serviceusage.serviceUsageConsumer","members":["serviceAccount:github-action-1018290199@mind-breeze-ai-report-47942.iam.gserviceaccount.com"]},{"role":"roles/storage.admin","members":["serviceAccount:firebase-adminsdk-fbsvc@mind-breeze-ai-report-47942.iam.gserviceaccount.com"]},{"role":"roles/storage.objectViewer","members":["serviceAccount:firebase-app-hosting-compute@mind-breeze-ai-report-47942.iam.gserviceaccount.com"]}]}
[debug] [2025-07-12T08:12:18.931Z] Checked if tokens are valid: true, expires at: 1752310843370
[debug] [2025-07-12T08:12:18.932Z] Checked if tokens are valid: true, expires at: 1752310843370
[debug] [2025-07-12T08:12:18.932Z] >>> [apiv2][query] POST https://cloudresourcemanager.googleapis.com/v1/projects/mind-breeze-ai-report-47942:setIamPolicy [none]
[debug] [2025-07-12T08:12:18.932Z] >>> [apiv2][body] POST https://cloudresourcemanager.googleapis.com/v1/projects/mind-breeze-ai-report-47942:setIamPolicy {"policy":{"version":1,"etag":"BwY5ta1zz3M=","bindings":[{"role":"roles/artifactregistry.serviceAgent","members":["serviceAccount:service-359507939260@gcp-sa-artifactregistry.iam.gserviceaccount.com"]},{"role":"roles/cloudbuild.builds.builder","members":["serviceAccount:359507939260@cloudbuild.gserviceaccount.com"]},{"role":"roles/cloudbuild.serviceAgent","members":["serviceAccount:service-359507939260@gcp-sa-cloudbuild.iam.gserviceaccount.com"]},{"role":"roles/cloudfunctions.developer","members":["serviceAccount:github-action-1018290199@mind-breeze-ai-report-47942.iam.gserviceaccount.com"]},{"role":"roles/compute.serviceAgent","members":["serviceAccount:service-359507939260@compute-system.iam.gserviceaccount.com"]},{"role":"roles/containerregistry.ServiceAgent","members":["serviceAccount:service-359507939260@containerregistry.iam.gserviceaccount.com"]},{"role":"roles/developerconnect.readTokenAccessor","members":["serviceAccount:firebase-app-hosting-compute@mind-breeze-ai-report-47942.iam.gserviceaccount.com"]},{"role":"roles/editor","members":["serviceAccount:359507939260-compute@developer.gserviceaccount.com","serviceAccount:359507939260@cloudservices.gserviceaccount.com"]},{"role":"roles/firebase.managementServiceAgent","members":["serviceAccount:service-359507939260@gcp-sa-firebase.iam.gserviceaccount.com"]},{"role":"roles/firebase.sdkAdminServiceAgent","members":["serviceAccount:firebase-adminsdk-fbsvc@mind-breeze-ai-report-47942.iam.gserviceaccount.com","serviceAccount:firebase-app-hosting-compute@mind-breeze-ai-report-47942.iam.gserviceaccount.com"]},{"role":"roles/firebaseapphosting.computeRunner","members":["serviceAccount:firebase-app-hosting-compute@mind-breeze-ai-report-47942.iam.gserviceaccount.com"]},{"role":"roles/firebaseapphosting.serviceAgent","members":["serviceAccount:service-359507939260@gcp-sa-firebaseapphosting.iam.gserviceaccount.com"]},{"role":"roles/firebaseauth.admin","members":["serviceAccount:firebase-adminsdk-fbsvc@mind-breeze-ai-report-47942.iam.gserviceaccount.com","serviceAccount:github-action-1018290199@mind-breeze-ai-report-47942.iam.gserviceaccount.com"]},{"role":"roles/firebasehosting.admin","members":["serviceAccount:github-action-1018290199@mind-breeze-ai-report-47942.iam.gserviceaccount.com"]},{"role":"roles/firebaserules.system","members":["serviceAccount:service-359507939260@firebase-rules.iam.gserviceaccount.com"]},{"role":"roles/firebasestorage.serviceAgent","members":["serviceAccount:service-359507939260@gcp-sa-firebasestorage.iam.gserviceaccount.com"]},{"role":"roles/firestore.serviceAgent","members":["serviceAccount:service-359507939260@gcp-sa-firestore.iam.gserviceaccount.com"]},{"role":"roles/iam.serviceAccountTokenCreator","members":["serviceAccount:firebase-adminsdk-fbsvc@mind-breeze-ai-report-47942.iam.gserviceaccount.com"]},{"role":"roles/owner","members":["user:brian.chae@looxidlabs.com"]},{"role":"roles/run.serviceAgent","members":["serviceAccount:service-359507939260@serverless-robot-prod.iam.gserviceaccount.com"]},{"role":"roles/run.viewer","members":["serviceAccount:github-action-1018290199@mind-breeze-ai-report-47942.iam.gserviceaccount.com"]},{"role":"roles/serviceusage.apiKeysViewer","members":["serviceAccount:github-action-1018290199@mind-breeze-ai-report-47942.iam.gserviceaccount.com"]},{"role":"roles/serviceusage.serviceUsageConsumer","members":["serviceAccount:github-action-1018290199@mind-breeze-ai-report-47942.iam.gserviceaccount.com"]},{"role":"roles/storage.admin","members":["serviceAccount:firebase-adminsdk-fbsvc@mind-breeze-ai-report-47942.iam.gserviceaccount.com"]},{"role":"roles/storage.objectViewer","members":["serviceAccount:firebase-app-hosting-compute@mind-breeze-ai-report-47942.iam.gserviceaccount.com"]}]},"updateMask":"bindings"}
[debug] [2025-07-12T08:12:19.982Z] <<< [apiv2][status] POST https://cloudresourcemanager.googleapis.com/v1/projects/mind-breeze-ai-report-47942:setIamPolicy 200
[debug] [2025-07-12T08:12:19.982Z] <<< [apiv2][body] POST https://cloudresourcemanager.googleapis.com/v1/projects/mind-breeze-ai-report-47942:setIamPolicy {"version":1,"etag":"BwY5tvxMdho=","bindings":[{"role":"roles/artifactregistry.serviceAgent","members":["serviceAccount:service-359507939260@gcp-sa-artifactregistry.iam.gserviceaccount.com"]},{"role":"roles/cloudbuild.builds.builder","members":["serviceAccount:359507939260@cloudbuild.gserviceaccount.com"]},{"role":"roles/cloudbuild.serviceAgent","members":["serviceAccount:service-359507939260@gcp-sa-cloudbuild.iam.gserviceaccount.com"]},{"role":"roles/cloudfunctions.developer","members":["serviceAccount:github-action-1018290199@mind-breeze-ai-report-47942.iam.gserviceaccount.com"]},{"role":"roles/compute.serviceAgent","members":["serviceAccount:service-359507939260@compute-system.iam.gserviceaccount.com"]},{"role":"roles/containerregistry.ServiceAgent","members":["serviceAccount:service-359507939260@containerregistry.iam.gserviceaccount.com"]},{"role":"roles/developerconnect.readTokenAccessor","members":["serviceAccount:firebase-app-hosting-compute@mind-breeze-ai-report-47942.iam.gserviceaccount.com"]},{"role":"roles/editor","members":["serviceAccount:359507939260-compute@developer.gserviceaccount.com","serviceAccount:359507939260@cloudservices.gserviceaccount.com"]},{"role":"roles/firebase.managementServiceAgent","members":["serviceAccount:service-359507939260@gcp-sa-firebase.iam.gserviceaccount.com"]},{"role":"roles/firebase.sdkAdminServiceAgent","members":["serviceAccount:firebase-adminsdk-fbsvc@mind-breeze-ai-report-47942.iam.gserviceaccount.com","serviceAccount:firebase-app-hosting-compute@mind-breeze-ai-report-47942.iam.gserviceaccount.com"]},{"role":"roles/firebaseapphosting.computeRunner","members":["serviceAccount:firebase-app-hosting-compute@mind-breeze-ai-report-47942.iam.gserviceaccount.com"]},{"role":"roles/firebaseapphosting.serviceAgent","members":["serviceAccount:service-359507939260@gcp-sa-firebaseapphosting.iam.gserviceaccount.com"]},{"role":"roles/firebaseauth.admin","members":["serviceAccount:firebase-adminsdk-fbsvc@mind-breeze-ai-report-47942.iam.gserviceaccount.com","serviceAccount:github-action-1018290199@mind-breeze-ai-report-47942.iam.gserviceaccount.com"]},{"role":"roles/firebasehosting.admin","members":["serviceAccount:github-action-1018290199@mind-breeze-ai-report-47942.iam.gserviceaccount.com"]},{"role":"roles/firebaserules.system","members":["serviceAccount:service-359507939260@firebase-rules.iam.gserviceaccount.com"]},{"role":"roles/firebasestorage.serviceAgent","members":["serviceAccount:service-359507939260@gcp-sa-firebasestorage.iam.gserviceaccount.com"]},{"role":"roles/firestore.serviceAgent","members":["serviceAccount:service-359507939260@gcp-sa-firestore.iam.gserviceaccount.com"]},{"role":"roles/iam.serviceAccountTokenCreator","members":["serviceAccount:firebase-adminsdk-fbsvc@mind-breeze-ai-report-47942.iam.gserviceaccount.com"]},{"role":"roles/owner","members":["user:brian.chae@looxidlabs.com"]},{"role":"roles/run.serviceAgent","members":["serviceAccount:service-359507939260@serverless-robot-prod.iam.gserviceaccount.com"]},{"role":"roles/run.viewer","members":["serviceAccount:github-action-1018290199@mind-breeze-ai-report-47942.iam.gserviceaccount.com"]},{"role":"roles/serviceusage.apiKeysViewer","members":["serviceAccount:github-action-1018290199@mind-breeze-ai-report-47942.iam.gserviceaccount.com"]},{"role":"roles/serviceusage.serviceUsageConsumer","members":["serviceAccount:github-action-1018290199@mind-breeze-ai-report-47942.iam.gserviceaccount.com"]},{"role":"roles/storage.admin","members":["serviceAccount:firebase-adminsdk-fbsvc@mind-breeze-ai-report-47942.iam.gserviceaccount.com"]},{"role":"roles/storage.objectViewer","members":["serviceAccount:firebase-app-hosting-compute@mind-breeze-ai-report-47942.iam.gserviceaccount.com"]}]}
[debug] [2025-07-12T08:12:19.982Z] Checked if tokens are valid: true, expires at: 1752310843370
[debug] [2025-07-12T08:12:19.982Z] Checked if tokens are valid: true, expires at: 1752310843370
[debug] [2025-07-12T08:12:19.982Z] >>> [apiv2][query] GET https://firebaseapphosting.googleapis.com/v1beta/projects/mind-breeze-ai-report-47942/locations/-/backends 
[debug] [2025-07-12T08:12:21.371Z] <<< [apiv2][status] GET https://firebaseapphosting.googleapis.com/v1beta/projects/mind-breeze-ai-report-47942/locations/-/backends 200
[debug] [2025-07-12T08:12:21.371Z] <<< [apiv2][body] GET https://firebaseapphosting.googleapis.com/v1beta/projects/mind-breeze-ai-report-47942/locations/-/backends {"backends":[{"name":"projects/mind-breeze-ai-report-47942/locations/asia-east1/backends/mind-breeze-ai-report-api","createTime":"2025-07-12T06:23:08.066930557Z","updateTime":"2025-07-12T06:23:08.607102Z","labels":{"deployment-tool":"cli-firebase"},"uri":"mind-breeze-ai-report-api--mind-breeze-ai-report-47942.asia-east1.hosted.app","uid":"ccbe731f-3623-4d9b-ba30-8071f76f89b6","etag":"r6xKrpWgj8ZklB2bJYgjD6mf1p-Ho5DIu5fbIcwRJzs","reconciling":false,"servingLocality":"GLOBAL_ACCESS","serviceAccount":"firebase-app-hosting-compute@mind-breeze-ai-report-47942.iam.gserviceaccount.com","appId":"1:359507939260:web:7fd2d0d0a1671916f9e5b9"}]}
[info] i  apphosting: Found backend(s) mind-breeze-ai-report-api 
[info] i  hosting[mind-breeze-ai-report-47942]: beginning deploy... 
[info] i  hosting[mind-breeze-ai-report-47942]: found 48 files in dist 
[debug] [2025-07-12T08:12:21.383Z] [hosting] uploading with 200 concurrency
[debug] [2025-07-12T08:12:22.018Z] Checked if tokens are valid: true, expires at: 1752310843370
[debug] [2025-07-12T08:12:22.018Z] Checked if tokens are valid: true, expires at: 1752310843370
[debug] [2025-07-12T08:12:22.018Z] [hosting] hash cache [ZGlzdA] stored for 48 files
[debug] [2025-07-12T08:12:22.018Z] [hosting][hash queue][FINAL] {"max":629,"min":11,"avg":31.270833333333332,"active":0,"complete":48,"success":48,"errored":0,"retried":0,"total":48,"elapsed":633}
[debug] [2025-07-12T08:12:22.019Z] >>> [apiv2][query] POST https://firebasehosting.googleapis.com/v1beta1/projects/359507939260/sites/mind-breeze-ai-report-47942/versions/13e842dfe54fd63c:populateFiles [none]
[debug] [2025-07-12T08:12:22.019Z] >>> [apiv2][body] POST https://firebasehosting.googleapis.com/v1beta1/projects/359507939260/sites/mind-breeze-ai-report-47942/versions/13e842dfe54fd63c:populateFiles {"files":{"/sw.js":"64da31b660469829be7f1dd977981b2175b7b23ad8eeef93aac702b0e4ac5f6c","/registerSW.js":"5b6445b5215737c53ef0d379c151d57de165a056de2d1c5812ed614f158ebcbd","/sw.js.map":"969506774af67adb95ea26a408870ec5720d3b523447c2d46580e5fd61ba8f75","/manifest.webmanifest":"0b14601776cb0a2c55645f4b02770dcc5c15baba72d9dd188dcbd303cc4848a0","/pwa-icon.svg":"47ffb7fb9e23c697d696df369b9d11b7e2ec3dbd6876d91b9c5af5dece99a10a","/looxid-icon.svg":"aff7d9f0a978986196aad84b7bbe50d680ee8d318438ed5d62f2332a63b8ec69","/vite.svg":"12b282beddfe94d624e7f1155761299a42ce1e3eac8053ebe3f38bd1fa04816c","/workbox-dcdf3914.js":"6041be40df2e522c828165364ac80a5ebf1c247aa20d1244f0622ee9d4450260","/index.html":"607bfff4c293e1e5576d5bade019fbc69ddece0b2e43206cfe9b55c4118c4014","/docs/structure.ts":"41c65c56b07f9ef06e9f04855f033f3f2d87c65bf7c4bc4edcac74d527e865a6","/docs/ko/user-guide/device-manager.md":"e39f67f1b31a6f53a92aca7dd984491a6f34253e1f077ab1134c937cd3d50967","/docs/ko/getting-started/system-requirements.md":"edfa4619686596960555eeb412cf538ed9194cf65b44f244cced2bb10bf17d2c","/docs/ko/user-guide/visualizer.md":"a8ac6965375b46c3d0ddf4e5325c0926a95f3b6a38c003a9507571c2aa66a77b","/docs/ko/getting-started/first-connection.md":"05c257b77c10a753e7792a59fc6f7362cf062aec6a8635d63b921470d6e13ccd","/docs/ko/data-management/storage-info.md":"823422395027c32caa9d2788ed410ce2fef0b5c6ac9b253067b7c896e694debb","/docs/ko/data-management/export-options.md":"6305422b66041884d00f20a681a82085ae760b70eea2e5a932f19a6a5e8d1e36","/docs/ko/data-management/session-management.md":"f74ffcaecf3d2d845dd5b355a20841e4575770327e8566537c4f8902663a21ef","/docs/ko/user-guide/data-center.md":"caad4e0ea0acd83d9db3d5c05c23e31878a5443e38d664533f4f2b2a914caaa8","/docs/ko/getting-started/overview.md":"a6d6c744d6bb7f53399ff62d0ea90f3120fc051ba959d2f6b5e688ee611e9e7e","/docs/ko/user-guide/dashboard.md":"60e85fe7bb6cdacf55d4f8e947560729a670a6647ee8e313aef767a956d24741","/docs/en/user-guide/visualizer.md":"de3c2006e8c30e9295cd579214c3413eadfde119db4a3e03519e774fafef95e0","/docs/ko/getting-started/interface-tour.md":"7cbcc43f2766bb18d29cfe8bad9a6d45a2d3a4769fc1aadacff8b9e569c3c1ec","/docs/ko/data-management/data-formats.md":"875cd2389fb16f9f1d84e118aad502a1834dbca6404736df5b54b415e4d5a1a5","/docs/en/getting-started/system-requirements.md":"bd06842daeffd28f72a5d045b282145ec4a2ae2d07fe31a7947093a98ac3a9c3","/docs/en/user-guide/device-manager.md":"0c499f02b7fcf77585452f800ca977d502f5fcaede998b6b30f25ee60c047d14","/docs/en/getting-started/overview.md":"6d9612438540f3cf43cd4a93894ace19420d4989786f022af5855af7ad8b0986","/docs/en/data-management/storage-info.md":"0c93da6117255c48f71c589295afb966629006c1f37381cdb9ec4b1b2a3260be","/docs/en/getting-started/first-connection.md":"3a60f1f4db706ac80a807bc0df66a9faf7df553877cbb643d6c9b201b66654a6","/docs/en/data-management/session-management.md":"a75a064ebbbf5b44644b3f27257a401b8999114278be0effc0d61c00d7b022a2","/docs/en/getting-started/interface-tour.md":"7d518a8144917b3a9c76eb1c1131a4f50d6c617daebe24aefe1e69c891864b2f","/docs/en/data-management/data-formats.md":"81d31a8123d89aa47552829c517db47baaad94b744344c3513e580c8966eb0ca","/docs/en/user-guide/data-center.md":"51ba4b4ff754cac190f19fb05e14b6d873cd5783d0bc1b0ea7a70b42b2f7c0dd","/assets/vendor-B0VEr0tq.js":"fdf90f6fd7b55d5bef29a551e30f0163400e7bae9986c869abe826cdafaebc0a","/docs/en/data-management/export-options.md":"53cd9c3dcf2b56c91d0470bf763309380166cdaa94e00b89bd01064ff20e8d12","/docs/en/user-guide/dashboard.md":"1ece42f60a36857b1058622517dc8ba78284be58ddb38a8d2e90ba96ff08dda7","/assets/vendor-B0VEr0tq.js.map":"b732e729281f0a794f9f2c376ca8037e09024daecc499c566ad220c1e86503e1","/looxid-icon.png":"4051844c4395eec07367540da8d4d5f4b42848e0c1d0613b246a1833bfae7772","/symbols_looxidlabs_1024_circle.png":"4051844c4395eec07367540da8d4d5f4b42848e0c1d0613b246a1833bfae7772","/assets/ui-DpWn97yW.js":"5e6f224d9e0017af97204996ad40ee05c7825c8f840be5e74635e0383e70ebad","/assets/index-WFnDIFoT.css":"5e8cb5ee214ffdc5e981ce577bb7b9e7c43c3bfae35154c846c2fbe48e2ba4a0","/assets/index.es-C0n2W2RO.js":"947d63778e52fcd83677d6c757eeef2e6cfd9be78f5865ae5a8949967e7eb83e","/workbox-dcdf3914.js.map":"56517af6d112e49ebe87980fa1be4a35de29c7cacebf55fd6f559905af8f2e82","/assets/charts-Dd9yzGsh.js":"75235c8708d21f3ffb78f5c9fc907427c349e6b7511fdc0c75c563e296a7b41c","/assets/ui-DpWn97yW.js.map":"babbb059e69182446ee36f53a4ec1fdb98ec0d6c2c39d0d2a4f4a4a12d947bf9","/assets/index.es-C0n2W2RO.js.map":"b5c92655ac41278f4e3a005832da2b84118148aa626dd8ebcd8514de0db05f6a","/assets/index-xLaT2SFh.js":"1adc6e39a8d989f6aa2f41371a5ad6fa964f86811ef23c0acb6c8a0daa4af110","/assets/charts-Dd9yzGsh.js.map":"8a25ca3d6247e759932d7e04da311e5be810e6980c161b7bc5fde6484e866c0e","/assets/index-xLaT2SFh.js.map":"753596ab30b56d1401f32bd944557af81cff0f33ca205f22c4e93cfece78336f"}}
[debug] [2025-07-12T08:12:22.537Z] <<< [apiv2][status] POST https://firebasehosting.googleapis.com/v1beta1/projects/359507939260/sites/mind-breeze-ai-report-47942/versions/13e842dfe54fd63c:populateFiles 200
[debug] [2025-07-12T08:12:22.537Z] <<< [apiv2][body] POST https://firebasehosting.googleapis.com/v1beta1/projects/359507939260/sites/mind-breeze-ai-report-47942/versions/13e842dfe54fd63c:populateFiles {"uploadRequiredHashes":["753596ab30b56d1401f32bd944557af81cff0f33ca205f22c4e93cfece78336f","5e8cb5ee214ffdc5e981ce577bb7b9e7c43c3bfae35154c846c2fbe48e2ba4a0","5e6f224d9e0017af97204996ad40ee05c7825c8f840be5e74635e0383e70ebad","babbb059e69182446ee36f53a4ec1fdb98ec0d6c2c39d0d2a4f4a4a12d947bf9","969506774af67adb95ea26a408870ec5720d3b523447c2d46580e5fd61ba8f75","64da31b660469829be7f1dd977981b2175b7b23ad8eeef93aac702b0e4ac5f6c","b5c92655ac41278f4e3a005832da2b84118148aa626dd8ebcd8514de0db05f6a","607bfff4c293e1e5576d5bade019fbc69ddece0b2e43206cfe9b55c4118c4014","1adc6e39a8d989f6aa2f41371a5ad6fa964f86811ef23c0acb6c8a0daa4af110","947d63778e52fcd83677d6c757eeef2e6cfd9be78f5865ae5a8949967e7eb83e"],"uploadUrl":"https://upload-firebasehosting.googleapis.com/upload/sites/mind-breeze-ai-report-47942/versions/13e842dfe54fd63c/files"}
[debug] [2025-07-12T08:12:22.537Z] Checked if tokens are valid: true, expires at: 1752310843370
[debug] [2025-07-12T08:12:22.538Z] Checked if tokens are valid: true, expires at: 1752310843370
[debug] [2025-07-12T08:12:22.538Z] Checked if tokens are valid: true, expires at: 1752310843370
[debug] [2025-07-12T08:12:22.538Z] Checked if tokens are valid: true, expires at: 1752310843370
[debug] [2025-07-12T08:12:22.538Z] Checked if tokens are valid: true, expires at: 1752310843370
[debug] [2025-07-12T08:12:22.538Z] Checked if tokens are valid: true, expires at: 1752310843370
[debug] [2025-07-12T08:12:22.538Z] Checked if tokens are valid: true, expires at: 1752310843370
[debug] [2025-07-12T08:12:22.538Z] Checked if tokens are valid: true, expires at: 1752310843370
[debug] [2025-07-12T08:12:22.538Z] Checked if tokens are valid: true, expires at: 1752310843370
[debug] [2025-07-12T08:12:22.538Z] Checked if tokens are valid: true, expires at: 1752310843370
[debug] [2025-07-12T08:12:22.538Z] Checked if tokens are valid: true, expires at: 1752310843370
[debug] [2025-07-12T08:12:22.538Z] Checked if tokens are valid: true, expires at: 1752310843370
[debug] [2025-07-12T08:12:22.538Z] Checked if tokens are valid: true, expires at: 1752310843370
[debug] [2025-07-12T08:12:22.538Z] Checked if tokens are valid: true, expires at: 1752310843370
[debug] [2025-07-12T08:12:22.538Z] Checked if tokens are valid: true, expires at: 1752310843370
[debug] [2025-07-12T08:12:22.538Z] Checked if tokens are valid: true, expires at: 1752310843370
[debug] [2025-07-12T08:12:22.538Z] Checked if tokens are valid: true, expires at: 1752310843370
[debug] [2025-07-12T08:12:22.539Z] Checked if tokens are valid: true, expires at: 1752310843370
[debug] [2025-07-12T08:12:22.539Z] Checked if tokens are valid: true, expires at: 1752310843370
[debug] [2025-07-12T08:12:22.539Z] Checked if tokens are valid: true, expires at: 1752310843370
[debug] [2025-07-12T08:12:22.539Z] >>> [apiv2][query] POST https://upload-firebasehosting.googleapis.com/upload/sites/mind-breeze-ai-report-47942/versions/13e842dfe54fd63c/files/753596ab30b56d1401f32bd944557af81cff0f33ca205f22c4e93cfece78336f [none]
[debug] [2025-07-12T08:12:22.539Z] >>> [apiv2][body] POST https://upload-firebasehosting.googleapis.com/upload/sites/mind-breeze-ai-report-47942/versions/13e842dfe54fd63c/files/753596ab30b56d1401f32bd944557af81cff0f33ca205f22c4e93cfece78336f [stream]
[debug] [2025-07-12T08:12:22.541Z] >>> [apiv2][query] POST https://upload-firebasehosting.googleapis.com/upload/sites/mind-breeze-ai-report-47942/versions/13e842dfe54fd63c/files/5e8cb5ee214ffdc5e981ce577bb7b9e7c43c3bfae35154c846c2fbe48e2ba4a0 [none]
[debug] [2025-07-12T08:12:22.541Z] >>> [apiv2][body] POST https://upload-firebasehosting.googleapis.com/upload/sites/mind-breeze-ai-report-47942/versions/13e842dfe54fd63c/files/5e8cb5ee214ffdc5e981ce577bb7b9e7c43c3bfae35154c846c2fbe48e2ba4a0 [stream]
[debug] [2025-07-12T08:12:22.542Z] >>> [apiv2][query] POST https://upload-firebasehosting.googleapis.com/upload/sites/mind-breeze-ai-report-47942/versions/13e842dfe54fd63c/files/5e6f224d9e0017af97204996ad40ee05c7825c8f840be5e74635e0383e70ebad [none]
[debug] [2025-07-12T08:12:22.542Z] >>> [apiv2][body] POST https://upload-firebasehosting.googleapis.com/upload/sites/mind-breeze-ai-report-47942/versions/13e842dfe54fd63c/files/5e6f224d9e0017af97204996ad40ee05c7825c8f840be5e74635e0383e70ebad [stream]
[debug] [2025-07-12T08:12:22.543Z] >>> [apiv2][query] POST https://upload-firebasehosting.googleapis.com/upload/sites/mind-breeze-ai-report-47942/versions/13e842dfe54fd63c/files/babbb059e69182446ee36f53a4ec1fdb98ec0d6c2c39d0d2a4f4a4a12d947bf9 [none]
[debug] [2025-07-12T08:12:22.543Z] >>> [apiv2][body] POST https://upload-firebasehosting.googleapis.com/upload/sites/mind-breeze-ai-report-47942/versions/13e842dfe54fd63c/files/babbb059e69182446ee36f53a4ec1fdb98ec0d6c2c39d0d2a4f4a4a12d947bf9 [stream]
[debug] [2025-07-12T08:12:22.544Z] >>> [apiv2][query] POST https://upload-firebasehosting.googleapis.com/upload/sites/mind-breeze-ai-report-47942/versions/13e842dfe54fd63c/files/969506774af67adb95ea26a408870ec5720d3b523447c2d46580e5fd61ba8f75 [none]
[debug] [2025-07-12T08:12:22.544Z] >>> [apiv2][body] POST https://upload-firebasehosting.googleapis.com/upload/sites/mind-breeze-ai-report-47942/versions/13e842dfe54fd63c/files/969506774af67adb95ea26a408870ec5720d3b523447c2d46580e5fd61ba8f75 [stream]
[debug] [2025-07-12T08:12:22.544Z] >>> [apiv2][query] POST https://upload-firebasehosting.googleapis.com/upload/sites/mind-breeze-ai-report-47942/versions/13e842dfe54fd63c/files/64da31b660469829be7f1dd977981b2175b7b23ad8eeef93aac702b0e4ac5f6c [none]
[debug] [2025-07-12T08:12:22.544Z] >>> [apiv2][body] POST https://upload-firebasehosting.googleapis.com/upload/sites/mind-breeze-ai-report-47942/versions/13e842dfe54fd63c/files/64da31b660469829be7f1dd977981b2175b7b23ad8eeef93aac702b0e4ac5f6c [stream]
[debug] [2025-07-12T08:12:22.545Z] >>> [apiv2][query] POST https://upload-firebasehosting.googleapis.com/upload/sites/mind-breeze-ai-report-47942/versions/13e842dfe54fd63c/files/b5c92655ac41278f4e3a005832da2b84118148aa626dd8ebcd8514de0db05f6a [none]
[debug] [2025-07-12T08:12:22.545Z] >>> [apiv2][body] POST https://upload-firebasehosting.googleapis.com/upload/sites/mind-breeze-ai-report-47942/versions/13e842dfe54fd63c/files/b5c92655ac41278f4e3a005832da2b84118148aa626dd8ebcd8514de0db05f6a [stream]
[debug] [2025-07-12T08:12:22.546Z] >>> [apiv2][query] POST https://upload-firebasehosting.googleapis.com/upload/sites/mind-breeze-ai-report-47942/versions/13e842dfe54fd63c/files/607bfff4c293e1e5576d5bade019fbc69ddece0b2e43206cfe9b55c4118c4014 [none]
[debug] [2025-07-12T08:12:22.546Z] >>> [apiv2][body] POST https://upload-firebasehosting.googleapis.com/upload/sites/mind-breeze-ai-report-47942/versions/13e842dfe54fd63c/files/607bfff4c293e1e5576d5bade019fbc69ddece0b2e43206cfe9b55c4118c4014 [stream]
[debug] [2025-07-12T08:12:22.547Z] >>> [apiv2][query] POST https://upload-firebasehosting.googleapis.com/upload/sites/mind-breeze-ai-report-47942/versions/13e842dfe54fd63c/files/1adc6e39a8d989f6aa2f41371a5ad6fa964f86811ef23c0acb6c8a0daa4af110 [none]
[debug] [2025-07-12T08:12:22.547Z] >>> [apiv2][body] POST https://upload-firebasehosting.googleapis.com/upload/sites/mind-breeze-ai-report-47942/versions/13e842dfe54fd63c/files/1adc6e39a8d989f6aa2f41371a5ad6fa964f86811ef23c0acb6c8a0daa4af110 [stream]
[debug] [2025-07-12T08:12:22.548Z] >>> [apiv2][query] POST https://upload-firebasehosting.googleapis.com/upload/sites/mind-breeze-ai-report-47942/versions/13e842dfe54fd63c/files/947d63778e52fcd83677d6c757eeef2e6cfd9be78f5865ae5a8949967e7eb83e [none]
[debug] [2025-07-12T08:12:22.548Z] >>> [apiv2][body] POST https://upload-firebasehosting.googleapis.com/upload/sites/mind-breeze-ai-report-47942/versions/13e842dfe54fd63c/files/947d63778e52fcd83677d6c757eeef2e6cfd9be78f5865ae5a8949967e7eb83e [stream]
[debug] [2025-07-12T08:12:22.548Z] [hosting][populate queue][FINAL] {"max":521,"min":521,"avg":521,"active":0,"complete":1,"success":1,"errored":0,"retried":0,"total":1,"elapsed":530}
[debug] [2025-07-12T08:12:22.548Z] [hosting] uploads queued: 10
[debug] [2025-07-12T08:12:23.752Z] <<< [apiv2][status] POST https://upload-firebasehosting.googleapis.com/upload/sites/mind-breeze-ai-report-47942/versions/13e842dfe54fd63c/files/607bfff4c293e1e5576d5bade019fbc69ddece0b2e43206cfe9b55c4118c4014 200
[debug] [2025-07-12T08:12:23.752Z] <<< [apiv2][body] POST https://upload-firebasehosting.googleapis.com/upload/sites/mind-breeze-ai-report-47942/versions/13e842dfe54fd63c/files/607bfff4c293e1e5576d5bade019fbc69ddece0b2e43206cfe9b55c4118c4014 [stream]
[debug] [2025-07-12T08:12:23.943Z] <<< [apiv2][status] POST https://upload-firebasehosting.googleapis.com/upload/sites/mind-breeze-ai-report-47942/versions/13e842dfe54fd63c/files/5e6f224d9e0017af97204996ad40ee05c7825c8f840be5e74635e0383e70ebad 200
[debug] [2025-07-12T08:12:23.943Z] <<< [apiv2][body] POST https://upload-firebasehosting.googleapis.com/upload/sites/mind-breeze-ai-report-47942/versions/13e842dfe54fd63c/files/5e6f224d9e0017af97204996ad40ee05c7825c8f840be5e74635e0383e70ebad [stream]
[debug] [2025-07-12T08:12:23.944Z] <<< [apiv2][status] POST https://upload-firebasehosting.googleapis.com/upload/sites/mind-breeze-ai-report-47942/versions/13e842dfe54fd63c/files/64da31b660469829be7f1dd977981b2175b7b23ad8eeef93aac702b0e4ac5f6c 200
[debug] [2025-07-12T08:12:23.944Z] <<< [apiv2][body] POST https://upload-firebasehosting.googleapis.com/upload/sites/mind-breeze-ai-report-47942/versions/13e842dfe54fd63c/files/64da31b660469829be7f1dd977981b2175b7b23ad8eeef93aac702b0e4ac5f6c [stream]
[debug] [2025-07-12T08:12:23.944Z] <<< [apiv2][status] POST https://upload-firebasehosting.googleapis.com/upload/sites/mind-breeze-ai-report-47942/versions/13e842dfe54fd63c/files/969506774af67adb95ea26a408870ec5720d3b523447c2d46580e5fd61ba8f75 200
[debug] [2025-07-12T08:12:23.944Z] <<< [apiv2][body] POST https://upload-firebasehosting.googleapis.com/upload/sites/mind-breeze-ai-report-47942/versions/13e842dfe54fd63c/files/969506774af67adb95ea26a408870ec5720d3b523447c2d46580e5fd61ba8f75 [stream]
[debug] [2025-07-12T08:12:23.952Z] <<< [apiv2][status] POST https://upload-firebasehosting.googleapis.com/upload/sites/mind-breeze-ai-report-47942/versions/13e842dfe54fd63c/files/babbb059e69182446ee36f53a4ec1fdb98ec0d6c2c39d0d2a4f4a4a12d947bf9 200
[debug] [2025-07-12T08:12:23.952Z] <<< [apiv2][body] POST https://upload-firebasehosting.googleapis.com/upload/sites/mind-breeze-ai-report-47942/versions/13e842dfe54fd63c/files/babbb059e69182446ee36f53a4ec1fdb98ec0d6c2c39d0d2a4f4a4a12d947bf9 [stream]
[debug] [2025-07-12T08:12:24.079Z] <<< [apiv2][status] POST https://upload-firebasehosting.googleapis.com/upload/sites/mind-breeze-ai-report-47942/versions/13e842dfe54fd63c/files/5e8cb5ee214ffdc5e981ce577bb7b9e7c43c3bfae35154c846c2fbe48e2ba4a0 200
[debug] [2025-07-12T08:12:24.079Z] <<< [apiv2][body] POST https://upload-firebasehosting.googleapis.com/upload/sites/mind-breeze-ai-report-47942/versions/13e842dfe54fd63c/files/5e8cb5ee214ffdc5e981ce577bb7b9e7c43c3bfae35154c846c2fbe48e2ba4a0 [stream]
[debug] [2025-07-12T08:12:24.186Z] <<< [apiv2][status] POST https://upload-firebasehosting.googleapis.com/upload/sites/mind-breeze-ai-report-47942/versions/13e842dfe54fd63c/files/b5c92655ac41278f4e3a005832da2b84118148aa626dd8ebcd8514de0db05f6a 200
[debug] [2025-07-12T08:12:24.186Z] <<< [apiv2][body] POST https://upload-firebasehosting.googleapis.com/upload/sites/mind-breeze-ai-report-47942/versions/13e842dfe54fd63c/files/b5c92655ac41278f4e3a005832da2b84118148aa626dd8ebcd8514de0db05f6a [stream]
[debug] [2025-07-12T08:12:24.186Z] <<< [apiv2][status] POST https://upload-firebasehosting.googleapis.com/upload/sites/mind-breeze-ai-report-47942/versions/13e842dfe54fd63c/files/947d63778e52fcd83677d6c757eeef2e6cfd9be78f5865ae5a8949967e7eb83e 200
[debug] [2025-07-12T08:12:24.186Z] <<< [apiv2][body] POST https://upload-firebasehosting.googleapis.com/upload/sites/mind-breeze-ai-report-47942/versions/13e842dfe54fd63c/files/947d63778e52fcd83677d6c757eeef2e6cfd9be78f5865ae5a8949967e7eb83e [stream]
